<?xml version="1.0" encoding="UTF-8"?>
<!-- Generated by org.testng.reporters.JUnitReportReporter -->
<testsuite skipped="0" hostname="Sagar-Deo" name="com.maven.project.AppTest" tests="1" failures="0" timestamp="06 May 2019 08:35:22 GMT" time="0.006" errors="0">
  <testcase name="testApp" time="0.006" classname="com.maven.project.AppTest"/>
</testsuite> <!-- com.maven.project.AppTest -->
