<?xml version="1.0" encoding="UTF-8"?>
<!-- Generated by org.testng.reporters.JUnitReportReporter -->
<testsuite skipped="0" hostname="Sagar-Deo" name="com.maven.project.LoginTest" tests="1" failures="0" timestamp="02 Jun 2019 06:31:35 GMT" time="25.196" errors="0">
  <testcase name="LoginTest" time="25.196" classname="com.maven.project.LoginTest"/>
</testsuite> <!-- com.maven.project.LoginTest -->
