<?xml version="1.0" encoding="UTF-8"?>
<!-- Generated by org.testng.reporters.JUnitReportReporter -->
<testsuite skipped="0" hostname="Sagar-Deo" name="com.maven.project.GetTitleTest" tests="1" failures="0" timestamp="02 Jun 2019 06:31:35 GMT" time="51.219" errors="0">
  <testcase name="GetTitleTest" time="51.219" classname="com.maven.project.GetTitleTest"/>
</testsuite> <!-- com.maven.project.GetTitleTest -->
